  forcpp1.cpp
C:\Users\pavli\source\repos\forcpp1\forcpp1\forcpp1.cpp(66,13): warning C4244: +=: преобразование "double" в "int", возможна потеря данных
C:\Users\pavli\source\repos\forcpp1\forcpp1\forcpp1.cpp(113,10): warning C4244: *=: преобразование "double" в "int", возможна потеря данных
C:\Users\pavli\source\repos\forcpp1\forcpp1\forcpp1.cpp(129,13): warning C4244: +=: преобразование "double" в "int", возможна потеря данных
C:\Users\pavli\source\repos\forcpp1\forcpp1\forcpp1.cpp(137,31): warning C4244: -=: преобразование "double" в "int", возможна потеря данных
C:\Users\pavli\source\repos\forcpp1\forcpp1\forcpp1.cpp(137,55): warning C4244: +=: преобразование "double" в "int", возможна потеря данных
C:\Users\pavli\source\repos\forcpp1\forcpp1\forcpp1.cpp(153,15): warning C4244: +=: преобразование "double" в "int", возможна потеря данных
C:\Users\pavli\source\repos\forcpp1\forcpp1\forcpp1.cpp(177,39): warning C4244: -=: преобразование "double" в "int", возможна потеря данных
C:\Users\pavli\source\repos\forcpp1\forcpp1\forcpp1.cpp(177,73): warning C4244: +=: преобразование "double" в "int", возможна потеря данных
C:\Users\pavli\source\repos\forcpp1\forcpp1\forcpp1.cpp(209,53): warning C4244: +=: преобразование "double" в "int", возможна потеря данных
C:\Users\pavli\source\repos\forcpp1\forcpp1\forcpp1.cpp(217,51): warning C4244: +=: преобразование "double" в "int", возможна потеря данных
C:\Users\pavli\source\repos\forcpp1\forcpp1\forcpp1.cpp(276,14): warning C4244: +=: преобразование "double" в "int", возможна потеря данных
C:\Users\pavli\source\repos\forcpp1\forcpp1\forcpp1.cpp(284,14): warning C4244: +=: преобразование "double" в "int", возможна потеря данных
C:\Users\pavli\source\repos\forcpp1\forcpp1\forcpp1.cpp(292,14): warning C4244: +=: преобразование "double" в "int", возможна потеря данных
C:\Users\pavli\source\repos\forcpp1\forcpp1\forcpp1.cpp(539,6): warning C4101: i: неиспользованная локальная переменная
C:\Users\pavli\source\repos\forcpp1\forcpp1\forcpp1.cpp(583,5): warning C4552: "+": результат выражения не используется
C:\Users\pavli\source\repos\forcpp1\forcpp1\forcpp1.cpp(618,10): warning C4244: =: преобразование "double" в "float", возможна потеря данных
C:\Users\pavli\source\repos\forcpp1\forcpp1\forcpp1.cpp(620,12): warning C4244: -=: преобразование "double" в "float", возможна потеря данных
C:\Users\pavli\source\repos\forcpp1\forcpp1\forcpp1.cpp(626): warning C4715: wh30: значение возвращается не при всех путях выполнения
  forcpp1.vcxproj -> C:\Users\pavli\source\repos\forcpp1\x64\Debug\forcpp1.exe
